{"/Users/andycrowe/code/personal/cvhs-api/src/global.env.ts": {"path":"/Users/andycrowe/code/personal/cvhs-api/src/global.env.ts","statementMap":{"0":{"start":{"line":1,"column":0},"end":{"line":1,"column":28}},"1":{"start":{"line":2,"column":0},"end":{"line":2,"column":16}},"2":{"start":{"line":14,"column":8},"end":{"line":18,"column":null}},"3":{"start":{"line":15,"column":12},"end":{"line":15,"column":null}},"4":{"start":{"line":17,"column":12},"end":{"line":17,"column":41}},"5":{"start":{"line":20,"column":8},"end":{"line":20,"column":19}},"6":{"start":{"line":5,"column":18},"end":{"line":5,"column":41}},"7":{"start":{"line":6,"column":18},"end":{"line":6,"column":40}},"8":{"start":{"line":7,"column":18},"end":{"line":7,"column":39}},"9":{"start":{"line":8,"column":18},"end":{"line":8,"column":33}},"10":{"start":{"line":9,"column":18},"end":{"line":9,"column":43}},"11":{"start":{"line":10,"column":18},"end":{"line":10,"column":50}},"12":{"start":{"line":4,"column":22},"end":{"line":4,"column":29}}},"fnMap":{"0":{"name":"(anonymous_1)","decl":{"start":{"line":12,"column":4},"end":{"line":12,"column":10}},"loc":{"start":{"line":12,"column":34},"end":{"line":21,"column":5}}}},"branchMap":{"0":{"loc":{"start":{"line":14,"column":8},"end":{"line":18,"column":null}},"type":"if","locations":[{"start":{"line":14,"column":8},"end":{"line":18,"column":null}},{"start":{"line":16,"column":15},"end":{"line":18,"column":null}}]}},"s":{"0":1,"1":1,"2":6,"3":0,"4":6,"5":6,"6":1,"7":1,"8":1,"9":1,"10":1,"11":1,"12":1},"f":{"0":6},"b":{"0":[0,6]}}
,"/Users/andycrowe/code/personal/cvhs-api/src/interface/storage.ts": {"path":"/Users/andycrowe/code/personal/cvhs-api/src/interface/storage.ts","statementMap":{"0":{"start":{"line":1,"column":0},"end":{"line":1,"column":58}},"1":{"start":{"line":2,"column":0},"end":{"line":2,"column":39}},"2":{"start":{"line":17,"column":0},"end":{"line":17,"column":20}},"3":{"start":{"line":17,"column":20},"end":{"line":17,"column":30}},"4":{"start":{"line":33,"column":36},"end":{"line":33,"column":48}},"5":{"start":{"line":19,"column":24},"end":{"line":31,"column":1}},"6":{"start":{"line":20,"column":4},"end":{"line":20,"column":null}},"7":{"start":{"line":21,"column":4},"end":{"line":21,"column":null}},"8":{"start":{"line":22,"column":4},"end":{"line":30,"column":null}},"9":{"start":{"line":24,"column":12},"end":{"line":24,"column":null}},"10":{"start":{"line":25,"column":12},"end":{"line":25,"column":null}},"11":{"start":{"line":28,"column":12},"end":{"line":28,"column":null}},"12":{"start":{"line":33,"column":19},"end":{"line":33,"column":34}}},"fnMap":{"0":{"name":"(anonymous_0)","decl":{"start":{"line":17,"column":0},"end":{"line":17,"column":5}},"loc":{"start":{"line":17,"column":17},"end":{"line":17,"column":31}}},"1":{"name":"(anonymous_1)","decl":{"start":{"line":19,"column":24},"end":{"line":19,"column":25}},"loc":{"start":{"line":19,"column":57},"end":{"line":31,"column":1}}}},"branchMap":{"0":{"loc":{"start":{"line":17,"column":5},"end":{"line":17,"column":20}},"type":"binary-expr","locations":[{"start":{"line":17,"column":5},"end":{"line":17,"column":17}},{"start":{"line":17,"column":5},"end":{"line":17,"column":20}}]},"1":{"loc":{"start":{"line":22,"column":4},"end":{"line":30,"column":null}},"type":"switch","locations":[{"start":{"line":23,"column":8},"end":{"line":26,"column":null}},{"start":{"line":27,"column":8},"end":{"line":29,"column":null}}]}},"s":{"0":1,"1":1,"2":1,"3":1,"4":1,"5":1,"6":1,"7":1,"8":1,"9":1,"10":1,"11":0,"12":1},"f":{"0":1,"1":1},"b":{"0":[1,1],"1":[1,0]}}
,"/Users/andycrowe/code/personal/cvhs-api/src/models/resgistry.ts": {"path":"/Users/andycrowe/code/personal/cvhs-api/src/models/resgistry.ts","statementMap":{"0":{"start":{"line":22,"column":11},"end":{"line":24,"column":null}},"1":{"start":{"line":23,"column":8},"end":{"line":23,"column":44}},"2":{"start":{"line":14,"column":8},"end":{"line":14,"column":35}},"3":{"start":{"line":15,"column":8},"end":{"line":15,"column":33}},"4":{"start":{"line":16,"column":8},"end":{"line":16,"column":27}},"5":{"start":{"line":17,"column":27},"end":{"line":17,"column":37}},"6":{"start":{"line":18,"column":8},"end":{"line":18,"column":36}},"7":{"start":{"line":19,"column":8},"end":{"line":19,"column":36}},"8":{"start":{"line":4,"column":0},"end":{"line":4,"column":13}}},"fnMap":{"0":{"name":"(anonymous_0)","decl":{"start":{"line":13,"column":4},"end":{"line":13,"column":16}},"loc":{"start":{"line":13,"column":66},"end":{"line":20,"column":5}}},"1":{"name":"(anonymous_1)","decl":{"start":{"line":22,"column":34},"end":{"line":22,"column":45}},"loc":{"start":{"line":22,"column":47},"end":{"line":24,"column":5}}}},"branchMap":{},"s":{"0":1,"1":0,"2":1,"3":1,"4":1,"5":1,"6":1,"7":1,"8":1},"f":{"0":1,"1":0},"b":{}}
,"/Users/andycrowe/code/personal/cvhs-api/src/storage/mongodb_storage.ts": {"path":"/Users/andycrowe/code/personal/cvhs-api/src/storage/mongodb_storage.ts","statementMap":{"0":{"start":{"line":1,"column":0},"end":{"line":1,"column":80}},"1":{"start":{"line":10,"column":44},"end":{"line":12,"column":null}},"2":{"start":{"line":13,"column":8},"end":{"line":13,"column":null}},"3":{"start":{"line":14,"column":8},"end":{"line":14,"column":null}},"4":{"start":{"line":18,"column":18},"end":{"line":18,"column":54}},"5":{"start":{"line":19,"column":8},"end":{"line":19,"column":null}},"6":{"start":{"line":23,"column":18},"end":{"line":23,"column":54}},"7":{"start":{"line":24,"column":8},"end":{"line":24,"column":51}},"8":{"start":{"line":28,"column":18},"end":{"line":28,"column":54}},"9":{"start":{"line":29,"column":8},"end":{"line":29,"column":48}},"10":{"start":{"line":33,"column":18},"end":{"line":33,"column":54}},"11":{"start":{"line":34,"column":8},"end":{"line":34,"column":55}},"12":{"start":{"line":38,"column":18},"end":{"line":38,"column":54}},"13":{"start":{"line":39,"column":8},"end":{"line":39,"column":46}},"14":{"start":{"line":43,"column":18},"end":{"line":43,"column":54}},"15":{"start":{"line":44,"column":8},"end":{"line":44,"column":38}},"16":{"start":{"line":45,"column":8},"end":{"line":45,"column":72}},"17":{"start":{"line":49,"column":18},"end":{"line":49,"column":54}},"18":{"start":{"line":50,"column":8},"end":{"line":50,"column":45}},"19":{"start":{"line":54,"column":9},"end":{"line":54,"column":21}}},"fnMap":{"0":{"name":"(anonymous_7)","decl":{"start":{"line":9,"column":4},"end":{"line":9,"column":16}},"loc":{"start":{"line":9,"column":45},"end":{"line":15,"column":5}}},"1":{"name":"(anonymous_8)","decl":{"start":{"line":17,"column":10},"end":{"line":17,"column":16}},"loc":{"start":{"line":17,"column":54},"end":{"line":20,"column":null}}},"2":{"name":"(anonymous_10)","decl":{"start":{"line":22,"column":10},"end":{"line":22,"column":13}},"loc":{"start":{"line":22,"column":51},"end":{"line":25,"column":null}}},"3":{"name":"(anonymous_12)","decl":{"start":{"line":27,"column":10},"end":{"line":27,"column":19}},"loc":{"start":{"line":27,"column":56},"end":{"line":30,"column":null}}},"4":{"name":"(anonymous_14)","decl":{"start":{"line":32,"column":10},"end":{"line":32,"column":19}},"loc":{"start":{"line":32,"column":74},"end":{"line":35,"column":null}}},"5":{"name":"(anonymous_16)","decl":{"start":{"line":37,"column":10},"end":{"line":37,"column":19}},"loc":{"start":{"line":37,"column":57},"end":{"line":40,"column":null}}},"6":{"name":"(anonymous_18)","decl":{"start":{"line":42,"column":10},"end":{"line":42,"column":20}},"loc":{"start":{"line":42,"column":67},"end":{"line":46,"column":null}}},"7":{"name":"(anonymous_20)","decl":{"start":{"line":48,"column":10},"end":{"line":48,"column":20}},"loc":{"start":{"line":48,"column":58},"end":{"line":51,"column":null}}}},"branchMap":{},"s":{"0":1,"1":1,"2":1,"3":1,"4":1,"5":1,"6":1,"7":1,"8":1,"9":1,"10":0,"11":0,"12":1,"13":1,"14":1,"15":1,"16":1,"17":0,"18":0,"19":1},"f":{"0":1,"1":1,"2":1,"3":1,"4":0,"5":1,"6":1,"7":0},"b":{}}
}
