TN:
SF:src/global.env.ts
FN:12,(anonymous_1)
FNF:1
FNH:1
FNDA:6,(anonymous_1)
DA:1,1
DA:2,1
DA:4,1
DA:5,1
DA:6,1
DA:7,1
DA:8,1
DA:9,1
DA:10,1
DA:14,6
DA:15,0
DA:17,6
DA:20,6
LF:13
LH:12
BRDA:14,0,0,0
BRDA:14,0,1,6
BRF:2
BRH:1
end_of_record
TN:
SF:src/interface/storage.ts
FN:17,(anonymous_0)
FN:19,(anonymous_1)
FNF:2
FNH:2
FNDA:1,(anonymous_0)
FNDA:1,(anonymous_1)
DA:1,1
DA:2,1
DA:17,1
DA:19,1
DA:20,1
DA:21,1
DA:22,1
DA:24,1
DA:25,1
DA:28,0
DA:33,1
LF:11
LH:10
BRDA:17,0,0,1
BRDA:17,0,1,1
BRDA:22,1,0,1
BRDA:22,1,1,0
BRF:4
BRH:3
end_of_record
TN:
SF:src/models/resgistry.ts
FN:13,(anonymous_0)
FN:22,(anonymous_1)
FNF:2
FNH:1
FNDA:1,(anonymous_0)
FNDA:0,(anonymous_1)
DA:4,1
DA:14,1
DA:15,1
DA:16,1
DA:17,1
DA:18,1
DA:19,1
DA:22,1
DA:23,0
LF:9
LH:8
BRF:0
BRH:0
end_of_record
TN:
SF:src/storage/mongodb_storage.ts
FN:9,(anonymous_7)
FN:17,(anonymous_8)
FN:22,(anonymous_10)
FN:27,(anonymous_12)
FN:32,(anonymous_14)
FN:37,(anonymous_16)
FN:42,(anonymous_18)
FN:48,(anonymous_20)
FNF:8
FNH:6
FNDA:1,(anonymous_7)
FNDA:1,(anonymous_8)
FNDA:1,(anonymous_10)
FNDA:1,(anonymous_12)
FNDA:0,(anonymous_14)
FNDA:1,(anonymous_16)
FNDA:1,(anonymous_18)
FNDA:0,(anonymous_20)
DA:1,1
DA:10,1
DA:13,1
DA:14,1
DA:18,1
DA:19,1
DA:23,1
DA:24,1
DA:28,1
DA:29,1
DA:33,0
DA:34,0
DA:38,1
DA:39,1
DA:43,1
DA:44,1
DA:45,1
DA:49,0
DA:50,0
DA:54,1
LF:20
LH:16
BRF:0
BRH:0
end_of_record
